<component name="libraryTable">
  <library name="junit.platform.commons" type="repository">
    <properties maven-id="org.junit.platform:junit-platform-commons:1.0.0-M6" />
    <CLASSES>
      <root url="jar://$MAVEN_REPOSITORY$/org/junit/platform/junit-platform-commons/1.0.0-M6/junit-platform-commons-1.0.0-M6.jar!/" />
    </CLASSES>
    <JAVADOC />
    <SOURCES />
  </library>
</component>